log_setup.py | [INFO] | 2021-07-01 11:48:36,712 | __main__ | : Log Setup Completed, called from template_batch in log_setup:28
template_batch.py | [INFO] | 2021-07-01 11:48:36,713 | __main__ | : Inizio in template_batch:14
template_batch.py | [INFO] | 2021-07-01 11:48:36,714 | __main__ | : Main in template_batch:21
template_batch.py | [INFO] | 2021-07-01 11:48:36,715 | __main__ | : Fine in template_batch:26
log_setup.py | [INFO] | 2021-07-01 11:51:38,875 | __main__ | : Log Setup Completed, called from template_batch in log_setup:28
template_batch.py | [INFO] | 2021-07-01 11:51:38,876 | __main__ | : Inizio in template_batch:15
log_setup.py | [INFO] | 2021-07-01 11:52:30,636 | __main__ | : Log Setup Completed, called from template_batch in log_setup:28
template_batch.py | [INFO] | 2021-07-01 11:52:30,637 | __main__ | : Inizio in template_batch:14
template_batch.py | [INFO] | 2021-07-01 11:52:30,638 | __main__ | : Fine in template_batch:25
log_setup.py | [INFO] | 2021-07-01 23:18:47,051 | __main__ | : Log Setup Completed, called from template_batch in log_setup:55
template_batch.py | [INFO] | 2021-07-01 23:18:47,051 | __main__ | : Inizio in template_batch:16
template_batch.py | [INFO] | 2021-07-01 23:18:47,067 | __main__ | : Fine in template_batch:27
log_setup.py | [INFO] | 2021-07-01 23:19:27,222 | __main__ | : Log Setup Completed, called from template_batch in log_setup:55
template_batch.py | [ERROR] | 2021-07-01 23:19:27,222 | __main__ | : Inizio in template_batch:16
template_batch.py | [INFO] | 2021-07-01 23:19:27,620 | __main__ | : Fine in template_batch:27
log_setup.py | [INFO] | 2021-07-01 23:24:28,481 | __main__ | : Log Setup Completed, called from template_batch in log_setup:55
template_batch.py | [ERROR] | 2021-07-01 23:24:28,481 | __main__ | : Inizio in template_batch:16
template_batch.py | [INFO] | 2021-07-01 23:24:31,802 | __main__ | : Fine in template_batch:27
log_setup.py | [INFO] | 2021-07-01 23:27:51,658 | __main__ | : Log Setup Completed, called from template_batch in log_setup:55
template_batch.py | [ERROR] | 2021-07-01 23:27:51,658 | __main__ | : Inizio in template_batch:16
template_batch.py | [ERROR] | 2021-07-01 23:27:53,548 | __main__ | : Fine in template_batch:27
log_setup.py | [INFO] | 2021-10-18 18:30:46,149 | __main__ | : Log Setup Completed, called from template_batch in log_setup:54
template_batch.py | [INFO] | 2021-10-18 18:30:46,151 | __main__ | : Inizio in template_batch:16
template_batch.py | [INFO] | 2021-10-18 18:30:46,151 | __main__ | : Fine in template_batch:27
log_setup.py | [INFO] | 2021-10-18 18:42:59,722 | __main__ | : Log Setup Completed, called from template_batch in log_setup:54
template_batch.py | [INFO] | 2021-10-18 18:42:59,722 | __main__ | : Inizio in template_batch:15
template_batch.py | [INFO] | 2021-10-18 18:42:59,733 | __main__ | : Fine in template_batch:26
log_setup.py | [INFO] | 2021-10-18 18:43:25,631 | __main__ | : Log Setup Completed, called from template_batch in log_setup:54
template_batch.py | [INFO] | 2021-10-18 18:43:25,632 | __main__ | : Inizio in template_batch:15
template_batch.py | [INFO] | 2021-10-18 18:43:25,633 | __main__ | : Fine in template_batch:26
log_setup.py | [INFO] | 2021-10-18 18:55:05,130 | __main__ | : Log Setup Completed, called from template_batch in log_setup:54
template_batch.py | [INFO] | 2021-10-18 18:55:05,130 | __main__ | : Inizio in template_batch:16
template_batch.py | [INFO] | 2021-10-18 18:55:05,133 | __main__ | : Fine in template_batch:28
log_setup.py | [INFO] | 2021-10-18 18:55:41,474 | __main__ | : Log Setup Completed, called from template_batch in log_setup:54
template_batch.py | [INFO] | 2021-10-18 18:55:41,474 | __main__ | : Inizio in template_batch:16
template_batch.py | [CRITICAL] | 2021-10-18 18:55:41,475 | __main__ | : division by zero in template_batch:25
Traceback (most recent call last):
  File "c:/Users/forteg/OneDrive - Fratelli Carli Spa/Desktop/Python/Training/template_batch.py", line 23, in <module>
    main()
  File "c:/Users/forteg/OneDrive - Fratelli Carli Spa/Desktop/Python/Training/template_batch.py", line 19, in main
    a=1/0
ZeroDivisionError: division by zero
template_batch.py | [CRITICAL] | 2021-10-18 18:55:43,542 | __main__ | : None in template_batch:26
template_batch.py | [INFO] | 2021-10-18 18:55:45,338 | __main__ | : Fine in template_batch:28
log_setup.py | [INFO] | 2021-10-18 18:57:11,548 | __main__ | : Log Setup Completed, called from template_batch in log_setup:54
template_batch.py | [INFO] | 2021-10-18 18:57:11,548 | __main__ | : Inizio in template_batch:16
template_batch.py | [CRITICAL] | 2021-10-18 18:57:11,548 | __main__ | : division by zero in template_batch:25
Traceback (most recent call last):
  File "c:/Users/forteg/OneDrive - Fratelli Carli Spa/Desktop/Python/Training/template_batch.py", line 23, in <module>
    main()
  File "c:/Users/forteg/OneDrive - Fratelli Carli Spa/Desktop/Python/Training/template_batch.py", line 19, in main
    a=1/0
ZeroDivisionError: division by zero
template_batch.py | [INFO] | 2021-10-18 18:57:13,331 | __main__ | : Fine in template_batch:28
log_setup.py | [INFO] | 2021-11-08 22:26:13,911 | __main__ | : Log Setup Completed, called from template_batch in log_setup:54
template_batch.py | [INFO] | 2021-11-08 22:26:13,911 | __main__ | : Inizio in template_batch:17
template_batch.py | [CRITICAL] | 2021-11-08 22:26:13,911 | __main__ | : division by zero in template_batch:26
Traceback (most recent call last):
  File "c:/Users/forteg/OneDrive - Fratelli Carli Spa/Desktop/Python/Training/template_batch.py", line 24, in <module>
    main()
  File "c:/Users/forteg/OneDrive - Fratelli Carli Spa/Desktop/Python/Training/template_batch.py", line 20, in main
    a=1/0
ZeroDivisionError: division by zero
template_batch.py | [INFO] | 2021-11-08 22:26:17,094 | __main__ | : Fine in template_batch:29
log_setup.py | [INFO] | 2021-11-08 22:46:23,632 | __main__ | : Log Setup Completed, called from template_batch in log_setup:54
template_batch.py | [INFO] | 2021-11-08 22:46:23,632 | __main__ | : Inizio in template_batch:16
template_batch.py | [CRITICAL] | 2021-11-08 22:46:23,632 | __main__ | : division by zero in template_batch:27
Traceback (most recent call last):
  File "c:/Users/forteg/OneDrive - Fratelli Carli Spa/Desktop/Python/Training/template_batch.py", line 25, in <module>
    main()
  File "c:/Users/forteg/OneDrive - Fratelli Carli Spa/Desktop/Python/Training/template_batch.py", line 20, in main
    a = 1/0
ZeroDivisionError: division by zero
template_batch.py | [INFO] | 2021-11-08 22:46:25,702 | __main__ | : Fine in template_batch:30
log_setup.py | [INFO] | 2021-11-17 17:41:06,813 | __main__ | : Log Setup Completed, called from template_batch in log_setup:54
template_batch.py | [INFO] | 2021-11-17 17:41:06,824 | __main__ | : Inizio in template_batch:19
template_batch.py | [INFO] | 2021-11-17 17:41:06,825 | __main__ | : division by zero in template_batch:33
Traceback (most recent call last):
  File "c:/Users/forteg/OneDrive - Fratelli Carli Spa/Desktop/Python/Training/template_batch.py", line 30, in <module>
    main()
  File "c:/Users/forteg/OneDrive - Fratelli Carli Spa/Desktop/Python/Training/template_batch.py", line 25, in main
    a = 1/0
ZeroDivisionError: division by zero
template_batch.py | [INFO] | 2021-11-17 17:41:06,827 | __main__ | : Fine in template_batch:39
log_setup.py | [INFO] | 2021-11-20 16:20:18,381 | __main__ | : Log Setup Completed, called from template_batch in log_setup:54
template_batch.py | [INFO] | 2021-11-20 16:20:18,389 | __main__ | : Inizio in template_batch:19
template_batch.py | [INFO] | 2021-11-20 16:20:18,389 | __main__ | : division by zero in template_batch:33
Traceback (most recent call last):
  File "c:/Users/forteg/OneDrive - Fratelli Carli Spa/Desktop/Python/Training/template_batch.py", line 30, in <module>
    main()
  File "c:/Users/forteg/OneDrive - Fratelli Carli Spa/Desktop/Python/Training/template_batch.py", line 25, in main
    a = 1/0
ZeroDivisionError: division by zero
template_batch.py | [INFO] | 2021-11-20 16:20:18,389 | __main__ | : Fine in template_batch:39
log_setup.py | [INFO] | 2022-02-14 16:23:13,504 | __main__ | : Log Setup Completed, called from template_batch in log_setup:54
template_batch.py | [INFO] | 2022-02-14 16:23:13,506 | __main__ | : Inizio in template_batch:19
template_batch.py | [INFO] | 2022-02-14 16:23:13,507 | __main__ | : division by zero in template_batch:29
Traceback (most recent call last):
  File "c:/Users/forteg/OneDrive - Fratelli Carli Spa/Desktop/Python/Training/template_batch.py", line 26, in main
    a = 1/0
ZeroDivisionError: division by zero
template_batch.py | [INFO] | 2022-02-14 16:23:13,509 | __main__ | : Fine - Elapsed Time: 0.0062086000000000086 in template_batch:46
log_setup.py | [INFO] | 2022-02-14 16:24:00,773 | __main__ | : Log Setup Completed, called from template_batch in log_setup:54
template_batch.py | [INFO] | 2022-02-14 16:24:00,775 | __main__ | : Inizio in template_batch:19
template_batch.py | [INFO] | 2022-02-14 16:24:00,776 | __main__ | : division by zero in template_batch:41
Traceback (most recent call last):
  File "c:/Users/forteg/OneDrive - Fratelli Carli Spa/Desktop/Python/Training/template_batch.py", line 38, in <module>
    main()
  File "c:/Users/forteg/OneDrive - Fratelli Carli Spa/Desktop/Python/Training/template_batch.py", line 25, in main
    a = 1/0
ZeroDivisionError: division by zero
template_batch.py | [INFO] | 2022-02-14 16:24:00,778 | __main__ | : Fine - Elapsed Time: 0.006146099999999988 in template_batch:47
log_setup.py | [INFO] | 2022-02-17 10:14:43,518 | __main__ | : Log Setup Completed, called from template_batch in log_setup:54
template_batch.py | [INFO] | 2022-02-17 10:14:43,521 | __main__ | : Inizio in template_batch:19
template_batch.py | [INFO] | 2022-02-17 10:14:43,522 | __main__ | : division by zero in template_batch:41
Traceback (most recent call last):
  File "c:/Users/forteg/OneDrive - Fratelli Carli Spa/Desktop/Python/Training/template_batch.py", line 38, in <module>
    main()
  File "c:/Users/forteg/OneDrive - Fratelli Carli Spa/Desktop/Python/Training/template_batch.py", line 25, in main
    a = 1/0
ZeroDivisionError: division by zero
template_batch.py | [INFO] | 2022-02-17 10:14:43,526 | __main__ | : Fine - Elapsed Time: 0.007027299999999986 in template_batch:47
